c:\users\inzuki\documents\visual studio 2013\projects\opengl_1\opengl_1\debug\vc120.pdb
c:\users\inzuki\documents\visual studio 2013\projects\opengl_1\opengl_1\debug\vc120.idb
c:\users\inzuki\documents\visual studio 2013\projects\opengl_1\opengl_1\debug\assimp.obj
c:\users\inzuki\documents\visual studio 2013\projects\opengl_1\opengl_1\debug\camera.obj
c:\users\inzuki\documents\visual studio 2013\projects\opengl_1\opengl_1\debug\gui.obj
c:\users\inzuki\documents\visual studio 2013\projects\opengl_1\opengl_1\debug\includes.obj
c:\users\inzuki\documents\visual studio 2013\projects\opengl_1\opengl_1\debug\lamp.obj
c:\users\inzuki\documents\visual studio 2013\projects\opengl_1\opengl_1\debug\main.obj
c:\users\inzuki\documents\visual studio 2013\projects\opengl_1\opengl_1\debug\obj.obj
c:\users\inzuki\documents\visual studio 2013\projects\opengl_1\opengl_1\debug\old_main-2.obj
c:\users\inzuki\documents\visual studio 2013\projects\opengl_1\opengl_1\debug\old_main.obj
c:\users\inzuki\documents\visual studio 2013\projects\opengl_1\opengl_1\debug\old_terrain.obj
c:\users\inzuki\documents\visual studio 2013\projects\opengl_1\opengl_1\debug\shader.obj
c:\users\inzuki\documents\visual studio 2013\projects\opengl_1\opengl_1\debug\terrain.obj
c:\users\inzuki\documents\visual studio 2013\projects\opengl_1\opengl_1\debug\texture.obj
c:\users\inzuki\documents\visual studio 2013\projects\opengl_1\opengl_1\debug\water.obj
c:\users\inzuki\documents\visual studio 2013\projects\opengl_1\opengl_1\debug\mousepicker.obj
c:\users\inzuki\documents\visual studio 2013\projects\opengl_1\debug\opengl_1.ilk
c:\users\inzuki\documents\visual studio 2013\projects\opengl_1\debug\opengl_1.exe
c:\users\inzuki\documents\visual studio 2013\projects\opengl_1\debug\opengl_1.pdb
c:\users\inzuki\documents\visual studio 2013\projects\opengl_1\opengl_1\debug\opengl_1.tlog\cl.command.1.tlog
c:\users\inzuki\documents\visual studio 2013\projects\opengl_1\opengl_1\debug\opengl_1.tlog\cl.read.1.tlog
c:\users\inzuki\documents\visual studio 2013\projects\opengl_1\opengl_1\debug\opengl_1.tlog\cl.write.1.tlog
c:\users\inzuki\documents\visual studio 2013\projects\opengl_1\opengl_1\debug\opengl_1.tlog\link.command.1.tlog
c:\users\inzuki\documents\visual studio 2013\projects\opengl_1\opengl_1\debug\opengl_1.tlog\link.read.1.tlog
c:\users\inzuki\documents\visual studio 2013\projects\opengl_1\opengl_1\debug\opengl_1.tlog\link.write.1.tlog
