c:\users\inzuki\documents\visual studio 2013\projects\opengl_1\opengl_1\release\vc120.pdb
c:\users\inzuki\documents\visual studio 2013\projects\opengl_1\opengl_1\release\water.obj
c:\users\inzuki\documents\visual studio 2013\projects\opengl_1\opengl_1\release\texture.obj
c:\users\inzuki\documents\visual studio 2013\projects\opengl_1\opengl_1\release\terrain.obj
c:\users\inzuki\documents\visual studio 2013\projects\opengl_1\opengl_1\release\shader.obj
c:\users\inzuki\documents\visual studio 2013\projects\opengl_1\opengl_1\release\old_terrain.obj
c:\users\inzuki\documents\visual studio 2013\projects\opengl_1\opengl_1\release\old_main.obj
c:\users\inzuki\documents\visual studio 2013\projects\opengl_1\opengl_1\release\old_main-2.obj
c:\users\inzuki\documents\visual studio 2013\projects\opengl_1\opengl_1\release\obj.obj
c:\users\inzuki\documents\visual studio 2013\projects\opengl_1\opengl_1\release\main.obj
c:\users\inzuki\documents\visual studio 2013\projects\opengl_1\opengl_1\release\lamp.obj
c:\users\inzuki\documents\visual studio 2013\projects\opengl_1\opengl_1\release\includes.obj
c:\users\inzuki\documents\visual studio 2013\projects\opengl_1\opengl_1\release\gui.obj
c:\users\inzuki\documents\visual studio 2013\projects\opengl_1\opengl_1\release\camera.obj
c:\users\inzuki\documents\visual studio 2013\projects\opengl_1\opengl_1\release\assimp.obj
c:\users\inzuki\documents\visual studio 2013\projects\opengl_1\release\opengl_1.exe
c:\users\inzuki\documents\visual studio 2013\projects\opengl_1\release\opengl_1.pdb
c:\users\inzuki\documents\visual studio 2013\projects\opengl_1\opengl_1\release\opengl_1.tlog\cl.command.1.tlog
c:\users\inzuki\documents\visual studio 2013\projects\opengl_1\opengl_1\release\opengl_1.tlog\cl.read.1.tlog
c:\users\inzuki\documents\visual studio 2013\projects\opengl_1\opengl_1\release\opengl_1.tlog\cl.write.1.tlog
c:\users\inzuki\documents\visual studio 2013\projects\opengl_1\opengl_1\release\opengl_1.tlog\link.command.1.tlog
c:\users\inzuki\documents\visual studio 2013\projects\opengl_1\opengl_1\release\opengl_1.tlog\link.read.1.tlog
c:\users\inzuki\documents\visual studio 2013\projects\opengl_1\opengl_1\release\opengl_1.tlog\link.write.1.tlog
