Build started 7/1/2016 1:41:48 AM.
     1>Project "C:\Users\Inzuki\documents\visual studio 2013\Projects\OpenGL_1\OpenGL_1\OpenGL_1.vcxproj" on node 2 (Rebuild target(s)).
     1>ClCompile:
         C:\Program Files (x86)\Microsoft Visual Studio 12.0\VC\bin\CL.exe /c /I"C:\Users\Inzuki\Downloads\assimp-3.1.1\assimp-3.1.1\include" /I"C:\freetype-2.5.5\include" /IC:\GLM\glm /I"C:\GLEW\glew-1.12.0\include" /I"C:\SFML 2.2 x32\include" /Zi /nologo /W3 /WX- /sdl /O2 /Oi /Oy- /GL /D _MBCS /Gm- /EHsc /MD /GS /Gy /fp:precise /Zc:wchar_t /Zc:forScope /Fo"Release\\" /Fd"Release\vc120.pdb" /Gd /TP /analyze- /errorReport:prompt Assimp.cpp Camera.cpp GUI.cpp INCLUDES.cpp Lamp.cpp Main.cpp OBJ.cpp "OLD_MAIN-2.cpp" OLD_MAIN.cpp OLD_TERRAIN.cpp Shader.cpp Terrain.cpp Texture.cpp Water.cpp
         Assimp.cpp
         Camera.cpp
         GUI.cpp
         INCLUDES.cpp
         Lamp.cpp
         Main.cpp
     1>Main.cpp(226): warning C4018: '<' : signed/unsigned mismatch
     1>Main.cpp(236): warning C4018: '<' : signed/unsigned mismatch
     1>Main.cpp(253): warning C4018: '<' : signed/unsigned mismatch
     1>Main.cpp(263): warning C4018: '<' : signed/unsigned mismatch
     1>Main.cpp(280): warning C4018: '<' : signed/unsigned mismatch
     1>Main.cpp(487): warning C4018: '<' : signed/unsigned mismatch
         OBJ.cpp
         OLD_MAIN-2.cpp
         OLD_MAIN.cpp
         OLD_TERRAIN.cpp
         Shader.cpp
         Terrain.cpp
         Texture.cpp
         Water.cpp
       Link:
         C:\Program Files (x86)\Microsoft Visual Studio 12.0\VC\bin\link.exe /ERRORREPORT:PROMPT /OUT:"C:\Users\Inzuki\documents\visual studio 2013\Projects\OpenGL_1\Release\OpenGL_1.exe" /NOLOGO /LIBPATH:"C:\ASSIMP-build\code\Release" /LIBPATH:"C:\freetype-2.5.5\objs\vc2010\Win32" /LIBPATH:"C:\GLEW\glew-1.12.0\lib\Release\Win32" /LIBPATH:"C:\SFML 2.2 x32\lib" "sfml-graphics.lib" "sfml-audio.lib" "sfml-window.lib" "sfml-system.lib" "sfml-network.lib" opengl32.lib glu32.lib kernel32.lib user32.lib gdi32.lib winspool.lib comdlg32.lib advapi32.lib shell32.lib ole32.lib oleaut32.lib uuid.lib odbc32.lib odbccp32.lib glew32s.lib glew32.lib assimp.lib freetype255d.lib /MANIFEST /MANIFESTUAC:"level='asInvoker' uiAccess='false'" /manifest:embed /DEBUG /PDB:"C:\Users\Inzuki\documents\visual studio 2013\Projects\OpenGL_1\Release\OpenGL_1.pdb" /OPT:REF /OPT:ICF /LTCG /TLBID:1 /DYNAMICBASE /NXCOMPAT /IMPLIB:"C:\Users\Inzuki\documents\visual studio 2013\Projects\OpenGL_1\Release\OpenGL_1.lib" /MACHINE:X86 /SAFESEH Release\Assimp.obj
         Release\Camera.obj
         Release\GUI.obj
         Release\INCLUDES.obj
         Release\Lamp.obj
         Release\Main.obj
         Release\OBJ.obj
         "Release\OLD_MAIN-2.obj"
         Release\OLD_MAIN.obj
         Release\OLD_TERRAIN.obj
         Release\Shader.obj
         Release\Terrain.obj
         Release\Texture.obj
         Release\Water.obj
         Generating code
         Finished generating code
         OpenGL_1.vcxproj -> C:\Users\Inzuki\documents\visual studio 2013\Projects\OpenGL_1\Release\OpenGL_1.exe
     1>Done Building Project "C:\Users\Inzuki\documents\visual studio 2013\Projects\OpenGL_1\OpenGL_1\OpenGL_1.vcxproj" (Rebuild target(s)).

Build succeeded.

Time Elapsed 00:00:10.96
